
[2023-01-18T12:15:01.933] [WARN] default - Ruta Inexistente: Método GET Ruta: /favicon.ico
[2023-01-18T12:15:39.252] [WARN] default - Ruta Inexistente: Método GET Ruta: /favicon.ico
[2023-01-18T12:15:47.852] [WARN] default - Ruta Inexistente: Método GET Ruta: /socket.io/socket.io.js
[2023-01-18T12:15:48.456] [WARN] default - Ruta Inexistente: Método GET Ruta: /favicon.ico
[2023-01-18T12:15:54.011] [WARN] default - Ruta Inexistente: Método GET Ruta: /socket.io/socket.io.js
[2023-01-18T12:15:54.530] [WARN] default - Ruta Inexistente: Método GET Ruta: /favicon.ico
[2023-01-18T12:17:51.093] [WARN] default - Ruta Inexistente: Método GET Ruta: /favicon.ico
[2023-01-18T12:17:53.484] [WARN] default - Ruta Inexistente: Método GET Ruta: /favicon.ico
[2023-01-18T12:19:30.276] [WARN] default - Ruta Inexistente: Método GET Ruta: /favicon.ico
[2023-01-18T12:19:42.778] [WARN] default - Ruta Inexistente: Método GET Ruta: /socket.io/socket.io.js
[2023-01-18T12:19:43.545] [WARN] default - Ruta Inexistente: Método GET Ruta: /favicon.ico
[2023-01-18T12:19:44.926] [WARN] default - Ruta Inexistente: Método GET Ruta: /socket.io/socket.io.js
[2023-01-18T12:19:45.719] [WARN] default - Ruta Inexistente: Método GET Ruta: /favicon.ico
[2023-01-18T12:19:52.958] [WARN] default - Ruta Inexistente: Método GET Ruta: /favicon.ico
[2023-01-18T12:20:01.749] [WARN] default - Ruta Inexistente: Método GET Ruta: /socket.io/socket.io.js
[2023-01-18T12:20:03.354] [WARN] default - Ruta Inexistente: Método GET Ruta: /favicon.ico
[2023-01-18T12:20:14.715] [WARN] default - Ruta Inexistente: Método GET Ruta: /favicon.ico
[2023-01-18T12:20:25.267] [WARN] default - Ruta Inexistente: Método GET Ruta: /socket.io/socket.io.js
[2023-01-18T12:20:26.062] [WARN] default - Ruta Inexistente: Método GET Ruta: /favicon.ico
[2023-01-18T12:21:09.615] [WARN] default - Ruta Inexistente: Método GET Ruta: /favicon.ico
[2023-01-18T12:21:12.109] [WARN] default - Ruta Inexistente: Método GET Ruta: /favicon.ico
[2023-01-18T12:28:48.490] [WARN] default - Ruta Inexistente: Método GET Ruta: /favicon.ico
[2023-01-18T12:29:01.433] [WARN] default - Ruta Inexistente: Método GET Ruta: /favicon.ico
[2023-01-18T12:29:24.584] [WARN] default - Ruta Inexistente: Método GET Ruta: /socket.io/socket.io.js
[2023-01-18T12:29:25.114] [WARN] default - Ruta Inexistente: Método GET Ruta: /favicon.ico
[2023-01-18T12:29:53.408] [WARN] default - Ruta Inexistente: Método GET Ruta: /favicon.ico
[2023-01-18T12:29:57.349] [WARN] default - Ruta Inexistente: Método GET Ruta: /favicon.ico
[2023-01-18T16:33:40.940] [WARN] default - Ruta Inexistente: Método GET Ruta: /favicon.ico
[2023-01-18T16:33:57.370] [WARN] default - Ruta Inexistente: Método GET Ruta: /favicon.ico
[2023-01-18T16:34:04.671] [WARN] default - Ruta Inexistente: Método GET Ruta: /socket.io/socket.io.js
[2023-01-18T16:34:05.110] [WARN] default - Ruta Inexistente: Método GET Ruta: /favicon.ico
[2023-01-18T16:34:06.657] [WARN] default - Ruta Inexistente: Método GET Ruta: /socket.io/socket.io.js
[2023-01-18T16:34:07.023] [WARN] default - Ruta Inexistente: Método GET Ruta: /favicon.ico
[2023-01-18T16:34:10.503] [WARN] default - Ruta Inexistente: Método GET Ruta: /favicon.ico
[2023-01-18T16:34:12.569] [WARN] default - Ruta Inexistente: Método GET Ruta: /favicon.ico
[2023-01-18T16:35:10.071] [WARN] default - Ruta Inexistente: Método GET Ruta: /favicon.ico
[2023-01-18T16:35:15.213] [WARN] default - Ruta Inexistente: Método GET Ruta: /socket.io/socket.io.js
[2023-01-18T16:35:15.734] [WARN] default - Ruta Inexistente: Método GET Ruta: /favicon.ico
[2023-01-18T16:35:20.306] [WARN] default - Ruta Inexistente: Método GET Ruta: /favicon.ico
[2023-01-18T16:35:22.690] [WARN] default - Ruta Inexistente: Método GET Ruta: /favicon.ico
[2023-01-18T16:44:05.644] [WARN] default - Ruta Inexistente: Método GET Ruta: /favicon.ico
[2023-01-18T16:44:38.812] [WARN] default - Ruta Inexistente: Método GET Ruta: /favicon.ico
[2023-01-18T16:44:53.039] [WARN] default - Ruta Inexistente: Método GET Ruta: /socket.io/socket.io.js
[2023-01-18T16:44:53.629] [WARN] default - Ruta Inexistente: Método GET Ruta: /favicon.ico
[2023-01-18T16:45:39.447] [WARN] default - Ruta Inexistente: Método GET Ruta: /favicon.ico
[2023-01-18T16:45:42.075] [WARN] default - Ruta Inexistente: Método GET Ruta: /favicon.ico
[2023-01-18T16:46:28.880] [WARN] default - Ruta Inexistente: Método GET Ruta: /favicon.ico
[2023-01-18T16:46:33.161] [WARN] default - Ruta Inexistente: Método GET Ruta: /socket.io/socket.io.js
[2023-01-18T16:46:33.612] [WARN] default - Ruta Inexistente: Método GET Ruta: /favicon.ico
[2023-01-18T16:46:35.417] [WARN] default - Ruta Inexistente: Método GET Ruta: /socket.io/socket.io.js
[2023-01-18T16:46:35.830] [WARN] default - Ruta Inexistente: Método GET Ruta: /favicon.ico
[2023-01-18T16:47:09.252] [WARN] default - Ruta Inexistente: Método GET Ruta: /favicon.ico
[2023-01-18T16:47:11.615] [WARN] default - Ruta Inexistente: Método GET Ruta: /favicon.ico
[2023-01-18T16:54:01.637] [WARN] default - Ruta Inexistente: Método GET Ruta: /favicon.ico
[2023-01-18T16:55:26.778] [WARN] default - Ruta Inexistente: Método GET Ruta: /favicon.ico
[2023-01-18T16:55:32.841] [WARN] default - Ruta Inexistente: Método GET Ruta: /socket.io/socket.io.js
[2023-01-18T16:55:33.257] [WARN] default - Ruta Inexistente: Método GET Ruta: /favicon.ico
[2023-01-18T16:55:35.239] [WARN] default - Ruta Inexistente: Método GET Ruta: /socket.io/socket.io.js
[2023-01-18T16:55:35.605] [WARN] default - Ruta Inexistente: Método GET Ruta: /favicon.ico
[2023-01-18T16:56:05.374] [WARN] default - Ruta Inexistente: Método GET Ruta: /favicon.ico
[2023-01-18T16:56:07.694] [WARN] default - Ruta Inexistente: Método GET Ruta: /favicon.ico
[2023-01-18T16:56:36.577] [WARN] default - Ruta Inexistente: Método GET Ruta: /favicon.ico
[2023-01-18T16:56:42.445] [WARN] default - Ruta Inexistente: Método GET Ruta: /socket.io/socket.io.js
[2023-01-18T16:56:42.939] [WARN] default - Ruta Inexistente: Método GET Ruta: /favicon.ico
[2023-01-18T16:56:45.954] [WARN] default - Ruta Inexistente: Método GET Ruta: /socket.io/socket.io.js
[2023-01-18T16:56:46.341] [WARN] default - Ruta Inexistente: Método GET Ruta: /favicon.ico
[2023-01-18T16:57:04.032] [WARN] default - Ruta Inexistente: Método GET Ruta: /favicon.ico
[2023-01-18T16:57:06.092] [WARN] default - Ruta Inexistente: Método GET Ruta: /favicon.ico
[2023-01-18T17:01:56.489] [WARN] default - Ruta Inexistente: Método GET Ruta: /favicon.ico
[2023-01-18T17:04:20.622] [WARN] default - Ruta Inexistente: Método GET Ruta: /favicon.ico
[2023-01-18T17:08:50.048] [WARN] default - Ruta Inexistente: Método GET Ruta: /socket.io/socket.io.js
[2023-01-18T17:08:50.709] [WARN] default - Ruta Inexistente: Método GET Ruta: /favicon.ico
[2023-01-18T17:09:34.860] [WARN] default - Ruta Inexistente: Método GET Ruta: /favicon.ico
[2023-01-18T17:09:37.525] [WARN] default - Ruta Inexistente: Método GET Ruta: /favicon.ico
[2023-01-18T17:11:50.778] [WARN] default - Ruta Inexistente: Método GET Ruta: /favicon.ico
[2023-01-18T17:12:05.680] [WARN] default - Ruta Inexistente: Método GET Ruta: /favicon.ico
[2023-01-18T17:12:10.480] [WARN] default - Ruta Inexistente: Método GET Ruta: /socket.io/socket.io.js
[2023-01-18T17:12:10.849] [WARN] default - Ruta Inexistente: Método GET Ruta: /favicon.ico
[2023-01-18T17:12:12.281] [WARN] default - Ruta Inexistente: Método GET Ruta: /socket.io/socket.io.js
[2023-01-18T17:12:12.704] [WARN] default - Ruta Inexistente: Método GET Ruta: /favicon.ico
[2023-01-18T17:12:26.136] [WARN] default - Ruta Inexistente: Método GET Ruta: /favicon.ico
[2023-01-18T17:15:42.202] [WARN] default - Ruta Inexistente: Método GET Ruta: /favicon.ico
[2023-01-18T17:15:56.600] [WARN] default - Ruta Inexistente: Método GET Ruta: /favicon.ico
[2023-01-18T17:16:03.004] [WARN] default - Ruta Inexistente: Método GET Ruta: /socket.io/socket.io.js
[2023-01-18T17:16:03.516] [WARN] default - Ruta Inexistente: Método GET Ruta: /favicon.ico
[2023-01-18T17:16:04.445] [WARN] default - Ruta Inexistente: Método GET Ruta: /socket.io/socket.io.js
[2023-01-18T17:16:04.945] [WARN] default - Ruta Inexistente: Método GET Ruta: /favicon.ico
[2023-01-18T17:16:09.077] [WARN] default - Ruta Inexistente: Método GET Ruta: /favicon.ico
[2023-01-18T17:16:11.169] [WARN] default - Ruta Inexistente: Método GET Ruta: /favicon.ico
[2023-01-18T17:19:55.320] [WARN] default - Ruta Inexistente: Método GET Ruta: /favicon.ico
[2023-01-18T17:20:07.953] [WARN] default - Ruta Inexistente: Método GET Ruta: /favicon.ico
[2023-01-18T17:20:12.341] [WARN] default - Ruta Inexistente: Método GET Ruta: /socket.io/socket.io.js
[2023-01-18T17:20:12.692] [WARN] default - Ruta Inexistente: Método GET Ruta: /favicon.ico
[2023-01-18T17:20:13.724] [WARN] default - Ruta Inexistente: Método GET Ruta: /socket.io/socket.io.js
[2023-01-18T17:20:14.093] [WARN] default - Ruta Inexistente: Método GET Ruta: /favicon.ico
[2023-01-18T17:20:23.819] [WARN] default - Ruta Inexistente: Método GET Ruta: /favicon.ico
[2023-01-18T17:20:25.985] [WARN] default - Ruta Inexistente: Método GET Ruta: /favicon.ico
[2023-01-18T17:21:55.481] [WARN] default - Ruta Inexistente: Método GET Ruta: /favicon.ico
[2023-01-18T17:22:06.243] [WARN] default - Ruta Inexistente: Método GET Ruta: /favicon.ico
[2023-01-18T17:22:10.655] [WARN] default - Ruta Inexistente: Método GET Ruta: /socket.io/socket.io.js
[2023-01-18T17:22:11.036] [WARN] default - Ruta Inexistente: Método GET Ruta: /favicon.ico
[2023-01-18T17:22:12.532] [WARN] default - Ruta Inexistente: Método GET Ruta: /socket.io/socket.io.js
[2023-01-18T17:22:12.898] [WARN] default - Ruta Inexistente: Método GET Ruta: /favicon.ico
[2023-01-18T17:22:32.102] [WARN] default - Ruta Inexistente: Método GET Ruta: /favicon.ico
[2023-01-18T17:22:34.139] [WARN] default - Ruta Inexistente: Método GET Ruta: /favicon.ico
[2023-01-18T17:22:53.027] [WARN] default - Ruta Inexistente: Método GET Ruta: /favicon.ico
[2023-01-18T17:22:56.430] [WARN] default - Ruta Inexistente: Método GET Ruta: /socket.io/socket.io.js
[2023-01-18T17:22:56.750] [WARN] default - Ruta Inexistente: Método GET Ruta: /favicon.ico
[2023-01-18T17:22:57.873] [WARN] default - Ruta Inexistente: Método GET Ruta: /socket.io/socket.io.js
[2023-01-18T17:22:58.232] [WARN] default - Ruta Inexistente: Método GET Ruta: /favicon.ico
[2023-01-18T17:23:05.282] [WARN] default - Ruta Inexistente: Método GET Ruta: /favicon.ico
[2023-01-18T17:23:07.446] [WARN] default - Ruta Inexistente: Método GET Ruta: /favicon.ico
[2023-01-18T17:25:36.523] [WARN] default - Ruta Inexistente: Método GET Ruta: /favicon.ico
[2023-01-18T17:25:52.770] [WARN] default - Ruta Inexistente: Método GET Ruta: /favicon.ico
[2023-01-18T17:25:57.018] [WARN] default - Ruta Inexistente: Método GET Ruta: /socket.io/socket.io.js
[2023-01-18T17:25:57.430] [WARN] default - Ruta Inexistente: Método GET Ruta: /favicon.ico
[2023-01-18T17:26:01.317] [WARN] default - Ruta Inexistente: Método GET Ruta: /socket.io/socket.io.js
[2023-01-18T17:26:01.748] [WARN] default - Ruta Inexistente: Método GET Ruta: /favicon.ico
[2023-01-18T17:27:57.500] [WARN] default - Ruta Inexistente: Método GET Ruta: /favicon.ico
[2023-01-18T17:27:59.892] [WARN] default - Ruta Inexistente: Método GET Ruta: /favicon.ico
[2023-01-18T17:28:14.709] [WARN] default - Ruta Inexistente: Método GET Ruta: /favicon.ico
[2023-01-18T17:28:19.751] [WARN] default - Ruta Inexistente: Método GET Ruta: /socket.io/socket.io.js
[2023-01-18T17:28:20.438] [WARN] default - Ruta Inexistente: Método GET Ruta: /favicon.ico
[2023-01-18T17:28:23.083] [WARN] default - Ruta Inexistente: Método GET Ruta: /socket.io/socket.io.js
[2023-01-18T17:28:23.848] [WARN] default - Ruta Inexistente: Método GET Ruta: /favicon.ico
[2023-01-18T17:29:06.116] [WARN] default - Ruta Inexistente: Método GET Ruta: /favicon.ico
[2023-01-18T17:29:08.746] [WARN] default - Ruta Inexistente: Método GET Ruta: /favicon.ico
[2023-01-18T17:33:56.164] [WARN] default - Ruta Inexistente: Método GET Ruta: /favicon.ico
[2023-01-18T17:34:02.422] [WARN] default - Ruta Inexistente: Método GET Ruta: /socket.io/socket.io.js
[2023-01-18T17:34:03.115] [WARN] default - Ruta Inexistente: Método GET Ruta: /favicon.ico
[2023-01-18T17:34:04.493] [WARN] default - Ruta Inexistente: Método GET Ruta: /socket.io/socket.io.js
[2023-01-18T17:34:05.197] [WARN] default - Ruta Inexistente: Método GET Ruta: /favicon.ico
[2023-01-18T17:34:18.447] [WARN] default - Ruta Inexistente: Método GET Ruta: /favicon.ico
[2023-01-18T17:34:21.448] [WARN] default - Ruta Inexistente: Método GET Ruta: /favicon.ico
[2023-01-18T17:35:24.177] [WARN] default - Ruta Inexistente: Método GET Ruta: /favicon.ico
[2023-01-18T17:35:50.591] [WARN] default - Ruta Inexistente: Método GET Ruta: /socket.io/socket.io.js
[2023-01-18T17:35:51.259] [WARN] default - Ruta Inexistente: Método GET Ruta: /favicon.ico
[2023-01-18T17:35:52.669] [WARN] default - Ruta Inexistente: Método GET Ruta: /socket.io/socket.io.js
[2023-01-18T17:35:53.649] [WARN] default - Ruta Inexistente: Método GET Ruta: /favicon.ico
[2023-01-18T17:35:59.409] [WARN] default - Ruta Inexistente: Método GET Ruta: /favicon.ico
[2023-01-18T17:36:01.753] [WARN] default - Ruta Inexistente: Método GET Ruta: /favicon.ico
[2023-01-18T17:37:03.522] [WARN] default - Ruta Inexistente: Método GET Ruta: /favicon.ico
[2023-01-18T17:37:07.896] [WARN] default - Ruta Inexistente: Método GET Ruta: /socket.io/socket.io.js
[2023-01-18T17:37:08.594] [WARN] default - Ruta Inexistente: Método GET Ruta: /favicon.ico
[2023-01-18T17:37:10.127] [WARN] default - Ruta Inexistente: Método GET Ruta: /socket.io/socket.io.js
[2023-01-18T17:37:10.788] [WARN] default - Ruta Inexistente: Método GET Ruta: /favicon.ico
[2023-01-18T17:37:22.768] [WARN] default - Ruta Inexistente: Método GET Ruta: /favicon.ico
[2023-01-18T17:37:25.091] [WARN] default - Ruta Inexistente: Método GET Ruta: /favicon.ico
[2023-01-18T17:48:55.560] [WARN] default - Ruta Inexistente: Método GET Ruta: /favicon.ico
[2023-01-18T17:49:18.005] [WARN] default - Ruta Inexistente: Método GET Ruta: /favicon.ico
[2023-01-18T17:49:23.788] [WARN] default - Ruta Inexistente: Método GET Ruta: /socket.io/socket.io.js
[2023-01-18T17:49:24.228] [WARN] default - Ruta Inexistente: Método GET Ruta: /favicon.ico
[2023-01-18T17:49:25.787] [WARN] default - Ruta Inexistente: Método GET Ruta: /socket.io/socket.io.js
[2023-01-18T17:49:26.129] [WARN] default - Ruta Inexistente: Método GET Ruta: /favicon.ico
[2023-01-18T17:49:54.165] [WARN] default - Ruta Inexistente: Método GET Ruta: /favicon.ico
[2023-01-18T17:49:57.360] [WARN] default - Ruta Inexistente: Método GET Ruta: /favicon.ico
[2023-01-18T17:54:22.335] [WARN] default - Ruta Inexistente: Método GET Ruta: /favicon.ico
[2023-01-18T17:54:34.669] [WARN] default - Ruta Inexistente: Método GET Ruta: /favicon.ico
[2023-01-18T17:54:53.448] [WARN] default - Ruta Inexistente: Método GET Ruta: /socket.io/socket.io.js
[2023-01-18T17:54:53.800] [WARN] default - Ruta Inexistente: Método GET Ruta: /favicon.ico
[2023-01-18T17:54:55.273] [WARN] default - Ruta Inexistente: Método GET Ruta: /socket.io/socket.io.js
[2023-01-18T17:54:55.680] [WARN] default - Ruta Inexistente: Método GET Ruta: /favicon.ico
[2023-01-18T17:55:37.643] [WARN] default - Ruta Inexistente: Método GET Ruta: /favicon.ico
[2023-01-18T17:55:40.250] [WARN] default - Ruta Inexistente: Método GET Ruta: /favicon.ico
[2023-01-18T17:56:08.840] [WARN] default - Ruta Inexistente: Método GET Ruta: /favicon.ico
[2023-01-18T17:56:14.269] [WARN] default - Ruta Inexistente: Método GET Ruta: /socket.io/socket.io.js
[2023-01-18T17:56:14.994] [WARN] default - Ruta Inexistente: Método GET Ruta: /favicon.ico
[2023-01-18T17:57:08.136] [WARN] default - Ruta Inexistente: Método GET Ruta: /socket.io/socket.io.js
[2023-01-18T17:57:08.849] [WARN] default - Ruta Inexistente: Método GET Ruta: /favicon.ico
[2023-01-18T17:57:17.247] [WARN] default - Ruta Inexistente: Método GET Ruta: /favicon.ico
[2023-01-18T17:57:19.828] [WARN] default - Ruta Inexistente: Método GET Ruta: /favicon.ico
[2023-01-18T18:02:02.018] [WARN] default - Ruta Inexistente: Método GET Ruta: /favicon.ico
[2023-01-18T18:02:15.783] [WARN] default - Ruta Inexistente: Método GET Ruta: /favicon.ico
[2023-01-18T18:02:20.972] [WARN] default - Ruta Inexistente: Método GET Ruta: /socket.io/socket.io.js
[2023-01-18T18:02:21.315] [WARN] default - Ruta Inexistente: Método GET Ruta: /favicon.ico
[2023-01-18T18:02:22.963] [WARN] default - Ruta Inexistente: Método GET Ruta: /socket.io/socket.io.js
[2023-01-18T18:02:23.340] [WARN] default - Ruta Inexistente: Método GET Ruta: /favicon.ico
[2023-01-18T18:02:43.018] [WARN] default - Ruta Inexistente: Método GET Ruta: /favicon.ico
[2023-01-18T18:02:45.612] [WARN] default - Ruta Inexistente: Método GET Ruta: /favicon.ico
[2023-01-18T18:03:12.911] [WARN] default - Ruta Inexistente: Método GET Ruta: /favicon.ico
[2023-01-18T18:03:20.105] [WARN] default - Ruta Inexistente: Método GET Ruta: /socket.io/socket.io.js
[2023-01-18T18:03:20.769] [WARN] default - Ruta Inexistente: Método GET Ruta: /favicon.ico
[2023-01-18T18:04:45.186] [WARN] default - Ruta Inexistente: Método GET Ruta: /socket.io/socket.io.js
[2023-01-18T18:04:46.141] [WARN] default - Ruta Inexistente: Método GET Ruta: /favicon.ico
[2023-01-18T18:05:44.928] [WARN] default - Ruta Inexistente: Método GET Ruta: /socket.io/socket.io.js
[2023-01-18T18:05:45.643] [WARN] default - Ruta Inexistente: Método GET Ruta: /favicon.ico
[2023-01-18T18:05:54.128] [WARN] default - Ruta Inexistente: Método GET Ruta: /favicon.ico
[2023-01-18T18:05:56.728] [WARN] default - Ruta Inexistente: Método GET Ruta: /favicon.ico
[2023-01-18T18:10:16.215] [WARN] default - Ruta Inexistente: Método GET Ruta: /favicon.ico
[2023-01-18T18:10:29.359] [WARN] default - Ruta Inexistente: Método GET Ruta: /favicon.ico
[2023-01-18T18:10:39.881] [WARN] default - Ruta Inexistente: Método GET Ruta: /favicon.ico
[2023-01-18T18:10:45.527] [WARN] default - Ruta Inexistente: Método GET Ruta: /favicon.ico
[2023-01-18T18:11:17.869] [WARN] default - Ruta Inexistente: Método GET Ruta: /favicon.ico
[2023-01-18T18:11:20.502] [WARN] default - Ruta Inexistente: Método GET Ruta: /favicon.ico
[2023-01-18T18:13:37.926] [WARN] default - Ruta Inexistente: Método GET Ruta: /favicon.ico
[2023-01-18T18:13:51.726] [WARN] default - Ruta Inexistente: Método GET Ruta: /favicon.ico
[2023-01-18T18:13:59.970] [WARN] default - Ruta Inexistente: Método GET Ruta: /favicon.ico
[2023-01-18T18:14:06.071] [WARN] default - Ruta Inexistente: Método GET Ruta: /favicon.ico
[2023-01-18T18:14:18.724] [WARN] default - Ruta Inexistente: Método GET Ruta: /favicon.ico
[2023-01-18T18:14:20.849] [WARN] default - Ruta Inexistente: Método GET Ruta: /favicon.ico
[2023-01-18T18:14:37.645] [WARN] default - Ruta Inexistente: Método GET Ruta: /favicon.ico
[2023-01-18T18:14:45.320] [WARN] default - Ruta Inexistente: Método GET Ruta: /favicon.ico
[2023-01-18T18:14:51.967] [WARN] default - Ruta Inexistente: Método GET Ruta: /favicon.ico
[2023-01-18T18:15:16.914] [WARN] default - Ruta Inexistente: Método GET Ruta: /favicon.ico
[2023-01-18T18:15:19.253] [WARN] default - Ruta Inexistente: Método GET Ruta: /favicon.ico
[2023-01-18T18:26:44.955] [WARN] default - Ruta Inexistente: Método GET Ruta: /favicon.ico
[2023-01-18T18:27:06.445] [WARN] default - Ruta Inexistente: Método GET Ruta: /favicon.ico
[2023-01-18T18:27:12.836] [WARN] default - Ruta Inexistente: Método GET Ruta: /favicon.ico
[2023-01-18T18:27:15.574] [WARN] default - Ruta Inexistente: Método GET Ruta: /favicon.ico
[2023-01-18T18:27:18.113] [WARN] default - Ruta Inexistente: Método GET Ruta: /favicon.ico
[2023-01-18T18:27:27.125] [WARN] default - Ruta Inexistente: Método GET Ruta: /favicon.ico
[2023-01-18T18:28:36.348] [WARN] default - Ruta Inexistente: Método GET Ruta: /favicon.ico
[2023-01-18T18:28:38.964] [WARN] default - Ruta Inexistente: Método GET Ruta: /favicon.ico
[2023-01-18T18:44:10.785] [WARN] default - Ruta Inexistente: Método GET Ruta: /favicon.ico
[2023-01-18T18:46:00.055] [ERROR] default - Error- DaoCartMongo - Funcion updateFinalizarCarritoByUsuario: ReferenceError: ObjectId is not defined
[2023-01-18T19:01:45.061] [ERROR] default - Error- DaoCartMongo - Funcion updateFinalizarCarritoByUsuario: ReferenceError: ObjectId is not defined
[2023-01-18T19:10:41.558] [ERROR] default - Error- DaoCartMongo - Funcion updateFinalizarCarritoByUsuario: ReferenceError: ObjectId is not defined
[2023-01-18T19:13:13.864] [ERROR] default - Error- DaoCartMongo - Funcion updateFinalizarCarritoByUsuario: ReferenceError: ObjectId is not defined
[2023-01-18T19:15:07.257] [ERROR] default - Error- DaoCartMongo - Funcion updateFinalizarCarritoByUsuario: ReferenceError: ObjectId is not defined
[2023-01-18T19:39:12.681] [ERROR] default - Error- DaoCartMongo - Funcion updateFinalizarCarritoByUsuario: ReferenceError: ObjectId is not defined
[2023-01-18T19:52:38.142] [WARN] default - Ruta Inexistente: Método GET Ruta: /favicon.ico
[2023-01-18T19:52:55.472] [WARN] default - Ruta Inexistente: Método GET Ruta: /favicon.ico
[2023-01-18T19:53:18.586] [WARN] default - Ruta Inexistente: Método GET Ruta: /favicon.ico
[2023-01-18T19:53:22.355] [WARN] default - Ruta Inexistente: Método GET Ruta: /favicon.ico
[2023-01-18T19:53:28.490] [WARN] default - Ruta Inexistente: Método PUT Ruta: /api/carrito/finalizar/undefined
[2023-01-18T19:53:47.157] [WARN] default - Ruta Inexistente: Método PUT Ruta: /api/carrito/finalizar/undefined
[2023-01-18T19:53:47.725] [WARN] default - Ruta Inexistente: Método GET Ruta: /favicon.ico
[2023-01-18T19:53:49.939] [WARN] default - Ruta Inexistente: Método GET Ruta: /favicon.ico
[2023-01-18T20:01:02.546] [WARN] default - Ruta Inexistente: Método GET Ruta: /favicon.ico
[2023-01-18T20:01:22.372] [WARN] default - Ruta Inexistente: Método GET Ruta: /favicon.ico
[2023-01-18T20:01:32.988] [WARN] default - Ruta Inexistente: Método GET Ruta: /favicon.ico
[2023-01-18T20:01:36.419] [WARN] default - Ruta Inexistente: Método GET Ruta: /favicon.ico
[2023-01-18T20:02:44.578] [WARN] default - Ruta Inexistente: Método GET Ruta: /favicon.ico
[2023-01-18T20:02:47.163] [WARN] default - Ruta Inexistente: Método GET Ruta: /favicon.ico
[2023-01-18T20:07:43.134] [WARN] default - Ruta Inexistente: Método GET Ruta: /favicon.ico
[2023-01-18T20:08:00.651] [WARN] default - Ruta Inexistente: Método GET Ruta: /favicon.ico
[2023-01-18T20:08:06.938] [WARN] default - Ruta Inexistente: Método GET Ruta: /favicon.ico
[2023-01-18T20:08:17.542] [WARN] default - Ruta Inexistente: Método GET Ruta: /favicon.ico
[2023-01-18T20:08:48.565] [WARN] default - Ruta Inexistente: Método GET Ruta: /favicon.ico
[2023-01-18T20:08:51.252] [WARN] default - Ruta Inexistente: Método GET Ruta: /favicon.ico
[2023-01-18T20:11:13.175] [WARN] default - Ruta Inexistente: Método GET Ruta: /favicon.ico
[2023-01-18T20:11:26.113] [WARN] default - Ruta Inexistente: Método GET Ruta: /favicon.ico
[2023-01-18T20:11:31.628] [WARN] default - Ruta Inexistente: Método GET Ruta: /favicon.ico
[2023-01-18T20:11:34.099] [WARN] default - Ruta Inexistente: Método GET Ruta: /favicon.ico
[2023-01-18T20:12:06.837] [WARN] default - Ruta Inexistente: Método GET Ruta: /favicon.ico
[2023-01-18T20:12:09.438] [WARN] default - Ruta Inexistente: Método GET Ruta: /favicon.ico
[2023-01-18T21:06:20.731] [WARN] default - Ruta Inexistente: Método GET Ruta: /favicon.ico
[2023-01-18T21:07:18.951] [WARN] default - Ruta Inexistente: Método GET Ruta: /favicon.ico
[2023-01-18T21:07:30.618] [WARN] default - Ruta Inexistente: Método GET Ruta: /favicon.ico
[2023-01-18T21:07:38.279] [WARN] default - Ruta Inexistente: Método GET Ruta: /favicon.ico
[2023-01-18T21:07:42.312] [WARN] default - Ruta Inexistente: Método GET Ruta: /favicon.ico
[2023-01-18T21:07:44.468] [WARN] default - Ruta Inexistente: Método GET Ruta: /favicon.ico
[2023-01-18T21:09:58.004] [WARN] default - Ruta Inexistente: Método GET Ruta: /favicon.ico
[2023-01-18T21:10:12.240] [WARN] default - Ruta Inexistente: Método GET Ruta: /favicon.ico
[2023-01-18T21:10:16.189] [WARN] default - Ruta Inexistente: Método GET Ruta: /favicon.ico
[2023-01-18T21:10:25.748] [WARN] default - Ruta Inexistente: Método GET Ruta: /favicon.ico
[2023-01-18T21:10:28.243] [WARN] default - Ruta Inexistente: Método GET Ruta: /favicon.ico
[2023-01-18T22:10:32.127] [WARN] default - Ruta Inexistente: Método GET Ruta: /favicon.ico
[2023-01-18T22:11:55.884] [WARN] default - Ruta Inexistente: Método GET Ruta: /favicon.ico
[2023-01-18T22:12:10.896] [WARN] default - Ruta Inexistente: Método GET Ruta: /favicon.ico
[2023-01-18T22:12:12.735] [WARN] default - Ruta Inexistente: Método GET Ruta: /favicon.ico
[2023-01-18T22:12:26.494] [WARN] default - Ruta Inexistente: Método GET Ruta: /favicon.ico
[2023-01-18T22:12:28.883] [WARN] default - Ruta Inexistente: Método GET Ruta: /favicon.ico
[2023-01-18T22:12:42.602] [WARN] default - Ruta Inexistente: Método GET Ruta: /favicon.ico
[2023-01-18T22:12:47.900] [WARN] default - Ruta Inexistente: Método GET Ruta: /favicon.ico
[2023-01-18T22:12:50.093] [WARN] default - Ruta Inexistente: Método GET Ruta: /favicon.ico
[2023-01-18T22:13:29.208] [WARN] default - Ruta Inexistente: Método GET Ruta: /favicon.ico
[2023-01-18T22:13:31.541] [WARN] default - Ruta Inexistente: Método GET Ruta: /favicon.ico
[2023-01-18T22:15:25.846] [WARN] default - Ruta Inexistente: Método GET Ruta: /favicon.ico
[2023-01-18T22:15:39.488] [WARN] default - Ruta Inexistente: Método GET Ruta: /favicon.ico
[2023-01-18T22:15:44.630] [WARN] default - Ruta Inexistente: Método GET Ruta: /favicon.ico
[2023-01-18T22:15:46.462] [WARN] default - Ruta Inexistente: Método GET Ruta: /favicon.ico
[2023-01-18T22:16:30.362] [WARN] default - Ruta Inexistente: Método GET Ruta: /favicon.ico
[2023-01-18T22:20:47.648] [WARN] default - Ruta Inexistente: Método GET Ruta: /favicon.ico
[2023-01-18T22:20:49.482] [WARN] default - Ruta Inexistente: Método GET Ruta: /favicon.ico
[2023-01-18T22:20:51.856] [WARN] default - Ruta Inexistente: Método GET Ruta: /favicon.ico
[2023-01-18T22:49:22.580] [WARN] default - Ruta Inexistente: Método GET Ruta: /favicon.ico
[2023-01-18T22:49:38.742] [WARN] default - Ruta Inexistente: Método GET Ruta: /favicon.ico
[2023-01-18T22:49:58.849] [WARN] default - Ruta Inexistente: Método GET Ruta: /favicon.ico
[2023-01-18T22:50:02.484] [WARN] default - Ruta Inexistente: Método GET Ruta: /favicon.ico
[2023-01-18T22:50:16.719] [WARN] default - Ruta Inexistente: Método GET Ruta: /favicon.ico
[2023-01-21T10:28:55.844] [WARN] default - Ruta Inexistente: Método GET Ruta: /favicon.ico
[2023-01-21T10:30:06.038] [WARN] default - Ruta Inexistente: Método GET Ruta: /favicon.ico
[2023-01-21T10:30:37.501] [WARN] default - Ruta Inexistente: Método GET Ruta: /favicon.ico
[2023-01-21T10:30:42.402] [WARN] default - Ruta Inexistente: Método GET Ruta: /favicon.ico
[2023-01-21T10:31:07.175] [WARN] default - Ruta Inexistente: Método GET Ruta: /favicon.ico
[2023-01-21T10:41:00.838] [WARN] default - Ruta Inexistente: Método GET Ruta: /favicon.ico
[2023-01-21T10:41:15.118] [WARN] default - Ruta Inexistente: Método GET Ruta: /favicon.ico
[2023-01-21T10:41:27.111] [WARN] default - Ruta Inexistente: Método GET Ruta: /favicon.ico
[2023-01-21T10:41:31.133] [WARN] default - Ruta Inexistente: Método GET Ruta: /favicon.ico
[2023-01-21T10:42:06.714] [WARN] default - Ruta Inexistente: Método GET Ruta: /favicon.ico
[2023-01-21T10:42:14.276] [WARN] default - Ruta Inexistente: Método GET Ruta: /favicon.ico
[2023-01-21T10:42:20.140] [WARN] default - Ruta Inexistente: Método GET Ruta: /favicon.ico
[2023-01-21T10:42:29.377] [WARN] default - Ruta Inexistente: Método GET Ruta: /favicon.ico
[2023-01-21T10:42:38.958] [WARN] default - Ruta Inexistente: Método GET Ruta: /favicon.ico
[2023-01-21T10:42:42.418] [WARN] default - Ruta Inexistente: Método GET Ruta: /favicon.ico
[2023-01-21T10:42:48.165] [WARN] default - Ruta Inexistente: Método GET Ruta: /favicon.ico
[2023-01-21T10:43:00.481] [WARN] default - Ruta Inexistente: Método GET Ruta: /favicon.ico
[2023-01-21T10:43:08.750] [WARN] default - Ruta Inexistente: Método GET Ruta: /favicon.ico
[2023-01-21T10:43:30.367] [WARN] default - Ruta Inexistente: Método GET Ruta: /favicon.ico
[2023-01-21T10:43:32.917] [WARN] default - Ruta Inexistente: Método GET Ruta: /favicon.ico
[2023-01-21T10:45:06.463] [WARN] default - Ruta Inexistente: Método GET Ruta: /favicon.ico
[2023-01-21T10:45:18.798] [WARN] default - Ruta Inexistente: Método GET Ruta: /favicon.ico
[2023-01-21T10:45:25.039] [WARN] default - Ruta Inexistente: Método GET Ruta: /favicon.ico
[2023-01-21T10:45:26.943] [WARN] default - Ruta Inexistente: Método GET Ruta: /favicon.ico
[2023-01-21T10:45:28.929] [WARN] default - Ruta Inexistente: Método GET Ruta: /favicon.ico
[2023-01-21T10:45:41.682] [WARN] default - Ruta Inexistente: Método GET Ruta: /favicon.ico
[2023-01-21T10:45:47.108] [WARN] default - Ruta Inexistente: Método GET Ruta: /favicon.ico
[2023-01-21T10:45:49.976] [WARN] default - Ruta Inexistente: Método GET Ruta: /favicon.ico
[2023-01-21T10:45:53.299] [WARN] default - Ruta Inexistente: Método GET Ruta: /favicon.ico
[2023-01-21T10:45:54.994] [WARN] default - Ruta Inexistente: Método GET Ruta: /favicon.ico
[2023-01-21T10:46:16.967] [WARN] default - Ruta Inexistente: Método GET Ruta: /favicon.ico
[2023-01-21T10:46:19.800] [WARN] default - Ruta Inexistente: Método GET Ruta: /favicon.ico
[2023-01-21T10:51:54.512] [WARN] default - Ruta Inexistente: Método GET Ruta: /favicon.ico
[2023-01-21T10:52:09.038] [WARN] default - Ruta Inexistente: Método GET Ruta: /favicon.ico
[2023-01-21T10:52:14.677] [WARN] default - Ruta Inexistente: Método GET Ruta: /favicon.ico
[2023-01-21T10:52:27.641] [WARN] default - Ruta Inexistente: Método GET Ruta: /favicon.ico
[2023-01-21T10:52:31.117] [WARN] default - Ruta Inexistente: Método GET Ruta: /favicon.ico
[2023-01-21T10:52:33.359] [WARN] default - Ruta Inexistente: Método GET Ruta: /favicon.ico
[2023-01-21T10:52:37.209] [WARN] default - Ruta Inexistente: Método GET Ruta: /favicon.ico
[2023-01-21T10:52:39.108] [WARN] default - Ruta Inexistente: Método GET Ruta: /favicon.ico
[2023-01-21T10:52:55.475] [WARN] default - Ruta Inexistente: Método GET Ruta: /favicon.ico
[2023-01-21T10:52:58.985] [WARN] default - Ruta Inexistente: Método GET Ruta: /favicon.ico
[2023-01-21T10:52:59.994] [WARN] default - Ruta Inexistente: Método GET Ruta: /favicon.ico
[2023-01-21T10:53:03.524] [WARN] default - Ruta Inexistente: Método GET Ruta: /favicon.ico
[2023-01-21T10:53:05.605] [WARN] default - Ruta Inexistente: Método GET Ruta: /favicon.ico
[2023-01-21T10:53:07.479] [WARN] default - Ruta Inexistente: Método GET Ruta: /favicon.ico
[2023-01-21T10:53:28.664] [WARN] default - Ruta Inexistente: Método GET Ruta: /favicon.ico
[2023-01-21T10:53:34.134] [WARN] default - Ruta Inexistente: Método GET Ruta: /favicon.ico
[2023-01-21T10:55:01.880] [WARN] default - Ruta Inexistente: Método GET Ruta: /favicon.ico
[2023-01-21T10:55:38.969] [WARN] default - Ruta Inexistente: Método GET Ruta: /favicon.ico
[2023-01-21T10:56:16.202] [WARN] default - Ruta Inexistente: Método GET Ruta: /favicon.ico
[2023-01-21T10:56:26.195] [WARN] default - Ruta Inexistente: Método GET Ruta: /favicon.ico
[2023-01-21T10:56:28.884] [WARN] default - Ruta Inexistente: Método GET Ruta: /favicon.ico
[2023-01-21T11:23:43.214] [WARN] default - Ruta Inexistente: Método GET Ruta: /favicon.ico
[2023-01-21T11:25:01.815] [WARN] default - Ruta Inexistente: Método GET Ruta: /favicon.ico
[2023-01-21T11:25:11.434] [WARN] default - Ruta Inexistente: Método GET Ruta: /favicon.ico
[2023-01-21T11:25:13.524] [WARN] default - Ruta Inexistente: Método GET Ruta: /favicon.ico
[2023-01-21T11:25:31.021] [ERROR] default - Error- MainCarrito - Ruta Actualizar Carrito Finalizar true: Error: Required parameter "opts['to']" missing.
[2023-01-21T11:25:54.808] [WARN] default - Ruta Inexistente: Método GET Ruta: /favicon.ico
[2023-01-21T11:26:40.038] [WARN] default - Ruta Inexistente: Método GET Ruta: /favicon.ico
[2023-01-21T11:26:58.582] [WARN] default - Ruta Inexistente: Método GET Ruta: /favicon.ico
[2023-01-21T11:27:01.209] [WARN] default - Ruta Inexistente: Método GET Ruta: /favicon.ico
[2023-01-21T11:29:17.693] [WARN] default - Ruta Inexistente: Método GET Ruta: /favicon.ico
[2023-01-21T11:30:02.541] [WARN] default - Ruta Inexistente: Método GET Ruta: /favicon.ico
[2023-01-21T11:30:04.512] [WARN] default - Ruta Inexistente: Método GET Ruta: /favicon.ico
[2023-01-21T11:30:08.951] [ERROR] default - Error- MainCarrito - Ruta Actualizar Carrito Finalizar true: Error: Required parameter "opts['to']" missing.
[2023-01-21T11:30:33.935] [WARN] default - Ruta Inexistente: Método GET Ruta: /favicon.ico
[2023-01-21T11:32:51.022] [WARN] default - Ruta Inexistente: Método GET Ruta: /favicon.ico
[2023-01-21T11:32:53.633] [WARN] default - Ruta Inexistente: Método GET Ruta: /favicon.ico
[2023-01-21T13:00:33.529] [WARN] default - Ruta Inexistente: Método GET Ruta: /favicon.ico
[2023-01-21T13:01:09.378] [WARN] default - Ruta Inexistente: Método GET Ruta: /favicon.ico
[2023-01-21T13:01:17.474] [WARN] default - Ruta Inexistente: Método GET Ruta: /favicon.ico
[2023-01-21T13:01:50.191] [WARN] default - Ruta Inexistente: Método GET Ruta: /favicon.ico
[2023-01-21T13:01:52.802] [WARN] default - Ruta Inexistente: Método GET Ruta: /favicon.ico
[2023-01-21T13:11:27.491] [WARN] default - Ruta Inexistente: Método GET Ruta: /favicon.ico
[2023-01-21T13:12:05.846] [WARN] default - Ruta Inexistente: Método GET Ruta: /favicon.ico
[2023-01-21T13:12:15.776] [WARN] default - Ruta Inexistente: Método GET Ruta: /favicon.ico
[2023-01-21T13:12:18.213] [WARN] default - Ruta Inexistente: Método GET Ruta: /favicon.ico
[2023-01-21T13:13:57.084] [WARN] default - Ruta Inexistente: Método GET Ruta: /favicon.ico
[2023-01-21T13:13:59.204] [WARN] default - Ruta Inexistente: Método GET Ruta: /favicon.ico
[2023-01-21T18:00:43.714] [WARN] default - Ruta Inexistente: Método GET Ruta: /favicon.ico
[2023-01-21T18:03:51.650] [WARN] default - Ruta Inexistente: Método GET Ruta: /favicon.ico
[2023-01-21T18:04:39.455] [WARN] default - Ruta Inexistente: Método GET Ruta: /favicon.ico
[2023-01-21T18:05:39.679] [WARN] default - Ruta Inexistente: Método GET Ruta: /api/carrito/finalizar/63bf3cd505c360d3ecd8c4cc
[2023-01-21T18:05:39.992] [WARN] default - Ruta Inexistente: Método GET Ruta: /favicon.ico
[2023-01-21T18:15:55.888] [WARN] default - Ruta Inexistente: Método GET Ruta: /favicon.ico
[2023-01-21T18:16:23.513] [WARN] default - Ruta Inexistente: Método GET Ruta: /favicon.ico
[2023-01-21T18:16:58.640] [WARN] default - Ruta Inexistente: Método GET Ruta: /api/carrito/finalizar/63bf3cd505c360d3ecd8c4cc
[2023-01-21T18:16:59.256] [WARN] default - Ruta Inexistente: Método GET Ruta: /favicon.ico
[2023-01-21T18:25:51.378] [ERROR] default - Error- MainCarrito - Ruta Actualizar Carrito Finalizar true: TypeError: Cannot read properties of undefined (reading 'name')
[2023-01-30T20:33:18.178] [WARN] default - Ruta Inexistente: Método GET Ruta: /favicon.ico
[2023-01-30T20:33:37.067] [WARN] default - Ruta Inexistente: Método GET Ruta: /favicon.ico
[2023-01-30T20:33:43.433] [WARN] default - Ruta Inexistente: Método GET Ruta: /favicon.ico
[2023-01-30T20:33:45.602] [WARN] default - Ruta Inexistente: Método GET Ruta: /favicon.ico
[2023-01-30T20:33:56.769] [WARN] default - Ruta Inexistente: Método GET Ruta: /favicon.ico
[2023-01-30T20:33:58.610] [WARN] default - Ruta Inexistente: Método GET Ruta: /favicon.ico
[2023-01-30T20:34:07.050] [WARN] default - Ruta Inexistente: Método GET Ruta: /favicon.ico
[2023-01-30T20:34:20.191] [WARN] default - Ruta Inexistente: Método GET Ruta: /images/avatar1-1675029056563.jpg
[2023-01-30T20:34:20.319] [WARN] default - Ruta Inexistente: Método GET Ruta: /favicon.ico
[2023-01-30T20:34:23.025] [ERROR] default - Error- MainCarrito - Ruta Actualizar Carrito Finalizar true: Error: Authenticate
[2023-01-30T20:34:24.689] [WARN] default - Ruta Inexistente: Método GET Ruta: /favicon.ico
[2023-01-30T20:34:26.889] [WARN] default - Ruta Inexistente: Método GET Ruta: /favicon.ico
[2023-01-30T20:34:29.355] [WARN] default - Ruta Inexistente: Método GET Ruta: /favicon.ico
[2023-01-30T20:34:31.497] [WARN] default - Ruta Inexistente: Método GET Ruta: /favicon.ico
[2023-01-30T21:10:33.055] [WARN] default - Ruta Inexistente: Método GET Ruta: /favicon.ico
[2023-01-30T21:10:52.813] [WARN] default - Ruta Inexistente: Método GET Ruta: /favicon.ico
[2023-01-30T21:11:51.147] [WARN] default - Ruta Inexistente: Método GET Ruta: /favicon.ico
[2023-01-30T21:11:54.027] [WARN] default - Ruta Inexistente: Método GET Ruta: /favicon.ico
[2023-01-30T21:12:05.834] [WARN] default - Ruta Inexistente: Método GET Ruta: /favicon.ico
[2023-01-30T21:12:28.771] [WARN] default - Ruta Inexistente: Método GET Ruta: /avatar1-1675029056563.jpg
[2023-01-30T21:12:28.942] [WARN] default - Ruta Inexistente: Método GET Ruta: /favicon.ico
[2023-01-30T21:13:20.644] [WARN] default - Ruta Inexistente: Método GET Ruta: /favicon.ico
[2023-01-30T21:13:34.373] [WARN] default - Ruta Inexistente: Método GET Ruta: /favicon.ico
[2023-01-30T21:13:37.395] [ERROR] default - Error- MainCarrito - Ruta Actualizar Carrito Finalizar true: Error: Authenticate
[2023-01-30T21:13:37.455] [WARN] default - Ruta Inexistente: Método GET Ruta: /favicon.ico
[2023-01-30T21:13:48.233] [WARN] default - Ruta Inexistente: Método GET Ruta: /favicon.ico
[2023-01-30T21:13:50.490] [WARN] default - Ruta Inexistente: Método GET Ruta: /favicon.ico
[2023-01-30T21:14:27.760] [WARN] default - Ruta Inexistente: Método GET Ruta: /favicon.ico
[2023-01-30T21:15:29.494] [WARN] default - Ruta Inexistente: Método GET Ruta: /favicon.ico
[2023-01-30T21:15:34.803] [WARN] default - Ruta Inexistente: Método GET Ruta: /favicon.ico
[2023-01-30T21:15:42.588] [WARN] default - Ruta Inexistente: Método GET Ruta: /favicon.ico
[2023-01-30T21:15:55.457] [WARN] default - Ruta Inexistente: Método GET Ruta: /favicon.ico
[2023-01-30T21:16:03.174] [WARN] default - Ruta Inexistente: Método GET Ruta: /favicon.ico
[2023-01-30T21:16:05.426] [WARN] default - Ruta Inexistente: Método GET Ruta: /favicon.ico
